<?xml version="1.0" encoding="UTF-8"?>
<!-- Generated by org.testng.reporters.JUnitReportReporter -->
<testsuite hostname="Mani" failures="0" tests="2" name="com.recruitment.testCases.TC_Index_01" time="0.086" errors="0" timestamp="16 May 2022 11:50:31 GMT" skipped="0">
  <testcase classname="com.recruitment.testCases.TC_Index_01" name="verifyTitle" time="0.009"/>
  <testcase classname="com.recruitment.testCases.TC_Index_01" name="verifyLogo" time="0.077"/>
</testsuite> <!-- com.recruitment.testCases.TC_Index_01 -->
