<?xml version="1.0" encoding="UTF-8"?>
<!-- Generated by org.testng.reporters.JUnitReportReporter -->
<testsuite hostname="Mani" failures="0" tests="2" name="com.recruitment.testCases.TC_SearchBox_04" time="4.774" errors="0" timestamp="16 May 2022 11:50:31 GMT" skipped="0">
  <testcase classname="com.recruitment.testCases.TC_SearchBox_04" name="search" time="1.729"/>
  <testcase classname="com.recruitment.testCases.TC_SearchBox_04" name="search" time="3.045"/>
</testsuite> <!-- com.recruitment.testCases.TC_SearchBox_04 -->
