<?xml version="1.0" encoding="UTF-8"?>
<!-- Generated by org.testng.reporters.JUnitReportReporter -->
<testsuite hostname="Mani" failures="0" tests="1" name="com.recruitment.testCases.TC_Login_02" time="10.412" errors="0" timestamp="16 May 2022 11:50:31 GMT" skipped="0">
  <testcase classname="com.recruitment.testCases.TC_Login_02" name="loginTest" time="10.412"/>
</testsuite> <!-- com.recruitment.testCases.TC_Login_02 -->
